0 info it worked if it ends with ok
1 verbose cli [ 'D:\\Program Files\\nodejs\\\\node.exe',
1 verbose cli   'D:\\Program Files\\nodejs\\node_modules\\npm\\bin\\npm-cli.js',
1 verbose cli   'publish' ]
2 info using npm@1.4.28
3 info using node@v0.10.35
4 verbose node symlink D:\Program Files\nodejs\\node.exe
5 verbose publish [ '.' ]
6 verbose cache add [ '.', null ]
7 verbose cache add name=undefined spec="." args=[".",null]
8 verbose parsed url { protocol: null,
8 verbose parsed url   slashes: null,
8 verbose parsed url   auth: null,
8 verbose parsed url   host: null,
8 verbose parsed url   port: null,
8 verbose parsed url   hostname: null,
8 verbose parsed url   hash: null,
8 verbose parsed url   search: null,
8 verbose parsed url   query: null,
8 verbose parsed url   pathname: '.',
8 verbose parsed url   path: '.',
8 verbose parsed url   href: '.' }
9 silly lockFile 3a52ce78- .
10 verbose lock . C:\Users\Administrator\AppData\Roaming\npm-cache\3a52ce78-.lock
11 verbose tar pack [ 'C:\\Users\\Administrator\\AppData\\Roaming\\npm-cache\\dim-command-init\\0.1.5\\package.tgz',
11 verbose tar pack   '.' ]
12 verbose tarball C:\Users\Administrator\AppData\Roaming\npm-cache\dim-command-init\0.1.5\package.tgz
13 verbose folder .
14 info prepublish dim-command-init@0.1.5
15 silly lockFile 1f1177db-tar tar://.
16 verbose lock tar://. C:\Users\Administrator\AppData\Roaming\npm-cache\1f1177db-tar.lock
17 silly lockFile 4b1d6ed5-m-command-init-0-1-5-package-tgz tar://C:\Users\Administrator\AppData\Roaming\npm-cache\dim-command-init\0.1.5\package.tgz
18 verbose lock tar://C:\Users\Administrator\AppData\Roaming\npm-cache\dim-command-init\0.1.5\package.tgz C:\Users\Administrator\AppData\Roaming\npm-cache\4b1d6ed5-m-command-init-0-1-5-package-tgz.lock
19 silly lockFile 1f1177db-tar tar://.
20 silly lockFile 1f1177db-tar tar://.
21 silly lockFile 4b1d6ed5-m-command-init-0-1-5-package-tgz tar://C:\Users\Administrator\AppData\Roaming\npm-cache\dim-command-init\0.1.5\package.tgz
22 silly lockFile 4b1d6ed5-m-command-init-0-1-5-package-tgz tar://C:\Users\Administrator\AppData\Roaming\npm-cache\dim-command-init\0.1.5\package.tgz
23 silly lockFile 870025e8-e-dim-command-init-0-1-5-package C:\Users\Administrator\AppData\Roaming\npm-cache\dim-command-init\0.1.5\package
24 verbose lock C:\Users\Administrator\AppData\Roaming\npm-cache\dim-command-init\0.1.5\package C:\Users\Administrator\AppData\Roaming\npm-cache\870025e8-e-dim-command-init-0-1-5-package.lock
25 silly lockFile 870025e8-e-dim-command-init-0-1-5-package C:\Users\Administrator\AppData\Roaming\npm-cache\dim-command-init\0.1.5\package
26 silly lockFile 870025e8-e-dim-command-init-0-1-5-package C:\Users\Administrator\AppData\Roaming\npm-cache\dim-command-init\0.1.5\package
27 silly lockFile 3a52ce78- .
28 silly lockFile 3a52ce78- .
29 silly publish { name: 'dim-command-init',
29 silly publish   version: '0.1.5',
29 silly publish   description: 'dim project scaffold',
29 silly publish   main: 'index.js',
29 silly publish   scripts: { test: 'test' },
29 silly publish   repository:
29 silly publish    { type: 'git',
29 silly publish      url: 'https://github.com/JerroldLee/dim-command-init.git' },
29 silly publish   keywords: [ 'scaffold', 'dim' ],
29 silly publish   author: { name: 'Jerrold', email: 'lijiayouyj@163.com' },
29 silly publish   license: 'MIT',
29 silly publish   bugs: { url: 'https://github.com/JerroldLee/dim-command-init/issues' },
29 silly publish   homepage: 'https://github.com/JerroldLee/dim-command-init',
29 silly publish   dependencies:
29 silly publish    { 'yeoman-generator': '0.17.0',
29 silly publish      colors: '0.6.2',
29 silly publish      debug: '1.0.2',
29 silly publish      'generator-dim': '0.2.2-3' },
29 silly publish   gitHead: '15b80dcc17f1f91683fddc087209a0ed625ec204',
29 silly publish   readme: 'scrat-command-init\r\n==================\r\n',
29 silly publish   readmeFilename: 'README.md',
29 silly publish   _id: 'dim-command-init@0.1.5',
29 silly publish   _shasum: 'a5cb692a9743084475c4b6fe076f5429999a3122',
29 silly publish   _from: '.' }
30 verbose request where is /dim-command-init
31 verbose request registry https://registry.npmjs.org/
32 verbose request id ad89647ea618330a
33 verbose url raw /dim-command-init
34 verbose url resolving [ 'https://registry.npmjs.org/', './dim-command-init' ]
35 verbose url resolved https://registry.npmjs.org/dim-command-init
36 verbose request where is https://registry.npmjs.org/dim-command-init
37 info trying registry request attempt 1 at 23:47:00
38 http PUT https://registry.npmjs.org/dim-command-init
39 http 403 https://registry.npmjs.org/dim-command-init
40 verbose headers { date: 'Mon, 16 Mar 2015 15:47:01 GMT',
40 verbose headers   server: 'CouchDB/1.5.0 (Erlang OTP/R16B03)',
40 verbose headers   'content-type': 'application/json',
40 verbose headers   'cache-control': 'max-age=60',
40 verbose headers   'content-length': '2442',
40 verbose headers   'accept-ranges': 'bytes',
40 verbose headers   via: '1.1 varnish',
40 verbose headers   'x-served-by': 'cache-nrt6126-NRT',
40 verbose headers   'x-cache': 'MISS',
40 verbose headers   'x-cache-hits': '0',
40 verbose headers   'x-timer': 'S1426520821.053833,VS0,VE116',
40 verbose headers   'keep-alive': 'timeout=10, max=50',
40 verbose headers   connection: 'Keep-Alive' }
41 error publish Failed PUT 403
42 error Error: forbidden cannot modify pre-existing version: 0.1.5
42 error old={"name":"dim-command-init","version":"0.1.5","description":"dim project scaffold","main":"index.js","scripts":{"test":"test"},"repository":{"type":"git","url":"https://github.com/JerroldLee/dim-command-init.git"},"keywords":["scaffold","dim"],"author":{"name":"Jerrold","email":"lijiayouyj@163.com"},"license":"MIT","bugs":{"url":"https://github.com/JerroldLee/dim-command-init/issues"},"homepage":"https://github.com/JerroldLee/dim-command-init","dependencies":{"yeoman-generator":"0.17.0","colors":"0.6.2","debug":"1.0.2","generator-dim":"0.2.2-3"},"gitHead":"ef5690652e90ccb6d8045b332f4dca6ee473a8b9","_id":"dim-command-init@0.1.5","_shasum":"a5cb692a9743084475c4b6fe076f5429999a3122","_from":".","_npmVersion":"1.4.28","_npmUser":{"name":"jerrold","email":"lijiayouyj@163.com"},"maintainers":[{"name":"jerrold","email":"lijiayouyj@163.com"}],"dist":{"shasum":"a5cb692a9743084475c4b6fe076f5429999a3122","tarball":"http://registry.npmjs.org/dim-command-init/-/dim-command-init-0.1.5.tgz"}}
42 error new={"name":"dim-command-init","version":"0.1.5","description":"dim project scaffold","main":"index.js","scripts":{"test":"test"},"repository":{"type":"git","url":"https://github.com/JerroldLee/dim-command-init.git"},"keywords":["scaffold","dim"],"author":{"name":"Jerrold","email":"lijiayouyj@163.com"},"license":"MIT","bugs":{"url":"https://github.com/JerroldLee/dim-command-init/issues"},"homepage":"https://github.com/JerroldLee/dim-command-init","dependencies":{"yeoman-generator":"0.17.0","colors":"0.6.2","debug":"1.0.2","generator-dim":"0.2.2-3"},"gitHead":"15b80dcc17f1f91683fddc087209a0ed625ec204","readme":"scrat-command-init\u000d\u000a==================\u000d\u000a","readmeFilename":"README.md","_id":"dim-command-init@0.1.5","_shasum":"a5cb692a9743084475c4b6fe076f5429999a3122","_from":".","_npmVersion":"1.4.28","_npmUser":{"name":"jerrold","email":"lijiayouyj@163.com"},"maintainers":[{"name":"jerrold","email":"lijiayouyj@163.com"}],"dist":{"shasum":"a5cb692a9743084475c4b6fe076f5429999a3122","tarball":"http://registry.npmjs.org/dim-command-init/-/dim-command-init-0.1.5.tgz"}}: dim-command-init
42 error     at RegClient.<anonymous> (D:\Program Files\nodejs\node_modules\npm\node_modules\npm-registry-client\lib\request.js:308:14)
42 error     at Request._callback (D:\Program Files\nodejs\node_modules\npm\node_modules\npm-registry-client\lib\request.js:246:65)
42 error     at Request.self.callback (D:\Program Files\nodejs\node_modules\npm\node_modules\request\request.js:236:22)
42 error     at Request.emit (events.js:98:17)
42 error     at Request.<anonymous> (D:\Program Files\nodejs\node_modules\npm\node_modules\request\request.js:1142:14)
42 error     at Request.emit (events.js:117:20)
42 error     at IncomingMessage.<anonymous> (D:\Program Files\nodejs\node_modules\npm\node_modules\request\request.js:1096:12)
42 error     at IncomingMessage.emit (events.js:117:20)
42 error     at _stream_readable.js:944:16
42 error     at process._tickCallback (node.js:442:13)
43 error If you need help, you may report this *entire* log,
43 error including the npm and node versions, at:
43 error     <http://github.com/npm/npm/issues>
44 error System Windows_NT 6.1.7601
45 error command "D:\\Program Files\\nodejs\\\\node.exe" "D:\\Program Files\\nodejs\\node_modules\\npm\\bin\\npm-cli.js" "publish"
46 error cwd F:\nodejs\dim\dim-command-init
47 error node -v v0.10.35
48 error npm -v 1.4.28
49 verbose exit [ 1, true ]
